 300 enregistement a : 11:59 le 16 / 12 
date

[U?][SH][SH][U?][SH][U?][SH][U?][SH][U?][SH][U?][SH]aze[CAP][CAP]
 >>[U?][SH]
 >>[U?][SH][U?][SH][U?][SH][U?][SH][U?][SH][U?][SH][U?][SH][U?][SH][U?][SH][U?][SH][U?][SH][U?][SH][U?][SH][U?][SH][U?][SH][U?][SH][U?][SH][U?][SH][U?][SH][U?][SH][U?][SH][U?][SH][U?][SH][U?][SH][U?][SH][U?][SH][U?][SH][U?][SH][U?][SH][U?][SH][U?][SH][U?][SH][U?][SH][U?]
 >>[SH][U?]123'
 >>123'date
300 enregistement a : 12:00 le 16 / 12 
date
 300 enregistement a : 21:26 le 16 / 12 
date

[ALT][U?][TAB][TAB][TAB][TAB][TAB][LeftClick]
[LeftClick]
[ALT][U?][LeftClick]
date
300 enregistement a : 21:27 le 16 / 12 
date

[LeftClick]
[LeftClick]
[LeftClick]
[LeftClick]
date
300 enregistement a : 21:28 le 16 / 12 
date

[LeftClick]
[LeftClick]
[LeftClick]
[LeftClick]
[LeftClick]
[LeftClick]
[LeftClick]
date
300 enregistement a : 21:28 le 16 / 12 
date

[RightClick]
[LeftClick]
[LeftClick]
[U?][CTR][U?][CTR][U?][CTR][CTR][U?][U?][CTR][CTR][U?][LeftClick]
[CTR][U?][CTR][U?][CTR][U?][CTR][U?][CTR][U?][CTR][U?][CTR][U?][CTR][U?][CTR][U?][U?][CTR][U?][CTR][CTR][U?][U?][CTR][U?][CTR][CTR][U?][CTR][U?][CTR][U?][CTR][U?][U?][CTR][CTR][U?][CTR][U?][U?][CTR][U?][CTR][U?][CTR][U?][CTR][CTR][U?][CTR][U?][CTR]date
300 enregistement a : 21:29 le 16 / 12 
date

[LeftClick]
[LeftClick]
[LeftClick]
[<B]1181[<B][<B][<B]81[U?][CTR]s[LeftClick]
[LeftClick]
[LeftClick]
[LeftClick]
date
300 enregistement a : 21:29 le 16 / 12 
date

[LeftClick]
[CTR][U?]c[U?][U?][U?][RightClick]
[ALT][U?][LeftClick]
[LeftClick]
[LeftClick]

 >>[RightClick]
[LeftClick]
[LeftClick]
date
300 enregistement a : 21:30 le 16 / 12 
date

[LeftClick]
e[LeftClick]
[LeftClick]
[LeftClick]
[LeftClick]
[LeftClick]
[LeftClick]
[LeftClick]
[LeftClick]
[LeftClick]
[U?][CTR]c[U?][ALT][TAB][U?][ALT][TAB][TAB][U?][ALT][TAB][U?][ALT][TAB][TAB][U?][ALT][TAB][TAB][TAB]date
300 enregistement a : 21:31 le 16 / 12 
date

[<B][U?]
 >>[LeftClick]
[LeftClick]
date
300 enregistement a : 21:35 le 16 / 12 
date

[LeftClick]
[LeftClick]
[LeftClick]
[LeftClick]
[U?][U?][U?][U?][U?][U?][U?][LeftClick]
date
300 enregistement a : 21:36 le 16 / 12 
date

[LeftClick]
[LeftClick]
[LeftClick]
[LeftClick]
[LeftClick]
[LeftClick]
[LeftClick]
ou sont les fic[<B]chier de connexdate
300 enregistement a : 21:36 le 16 / 12 
date

[RC]
on firefox
 >>[STRT]d[LeftClick]
[LeftClick]
[ALT][U?][TAB][ALT][U?][TAB][U?][SH][TAB][U?][SH][TAB][TAB][LeftClick]
[LeftClick]
[LeftClick]
[LeftClick]
date
300 enregistement a : 21:37 le 16 / 12 
date

[LeftClick]
[LeftClick]
[LeftClick]
[LeftClick]
[CTR][U?]c[STRT][STRT][STRT][STRT][STRT][STRT][STRT]r[U?][CTR]v
 >>[LeftClick]
[RightClick]
[LeftClick]
[LeftClick]
[LeftClick]
[LeftClick]
[LeftClick]
[LeftClick]
[LeftClick]
[LeftClick]
date
300 enregistement a : 21:37 le 16 / 12 
date

[LeftClick]
[LeftClick]
[LeftClick]
[LeftClick]
[LeftClick]
[LeftClick]
[LeftClick]
[LeftClick]
[LeftClick]
date
300 enregistement a : 21:38 le 16 / 12 
date

[LeftClick]
[LeftClick]
[LeftClick]
[ALT][U?][LeftClick]
[RightClick]
[RightClick]
[LeftClick]
[LeftClick]
[U?][ALT][RightClick]
[LeftClick]
[LeftClick]
[LeftClick]
[LeftClick]
[LeftClick]
[LeftClick]
[LeftClick]
date
300 enregistement a : 21:38 le 16 / 12 
date

[LeftClick]
[LeftClick]
[STRT]e[LeftClick]
[LeftClick]
date
300 enregistement a : 21:39 le 16 / 12 
date
 
date
300 enregistement a : 21:40 le 16 / 12 
date
 300 enregistement a : 21:40 le 16 / 12 
date
 
date
300 enregistement a : 21:41 le 16 / 12 
date

[LeftClick]
[LeftClick]
date
300 enregistement a : 21:41 le 16 / 12 
date

[LeftClick]
[LeftClick]
[LeftClick]
[LeftClick]
[LeftClick]
[LeftClick]
[LeftClick]
[LeftClick]
[LeftClick]
date
300 enregistement a : 21:42 le 16 / 12 
date
 300 enregistement a : 21:43 le 16 / 12 
date
 300 enregistement a : 21:43 le 16 / 12 
date
 300 enregistement a : 21:44 le 16 / 12 
date
 300 enregistement a : 21:44 le 16 / 12 
date
 300 enregistement a : 21:45 le 16 / 12 
date
 300 enregistement a : 21:45 le 16 / 12 
date
 300 enregistement a : 21:46 le 16 / 12 
date
 300 enregistement a : 21:46 le 16 / 12 
date
 300 enregistement a : 21:47 le 16 / 12 
date

[LeftClick]
date
300 enregistement a : 21:47 le 16 / 12 
date

[LeftClick]
[LeftClick]
[LeftClick]
[LeftClick]
[LeftClick]
[LeftClick]
[LeftClick]
[LeftClick]
[LeftClick]
[LeftClick]
[LeftClick]
windowsdate
300 enregistement a : 21:48 le 16 / 12 
date

[RightClick]
[SH][U?][U?][SH][U?][SH][SH][U?]7 iso
 >>[LeftClick]
[LeftClick]
[LeftClick]
[LeftClick]
[LeftClick]
[LeftClick]
[LeftClick]
date
300 enregistement a : 21:48 le 16 / 12 
date

[LeftClick]
[LeftClick]
[LeftClick]
[LeftClick]
[LeftClick]
[LeftClick]
date
300 enregistement a : 21:49 le 16 / 12 
date

[LeftClick]
[LeftClick]
[LeftClick]
[LeftClick]
[LeftClick]
[LeftClick]
[LeftClick]
[LeftClick]
date
300 enregistement a : 21:50 le 16 / 12 
date

[LeftClick]
[LeftClick]
[LeftClick]
[LeftClick]
[LeftClick]
date
300 enregistement a : 21:50 le 16 / 12 
date

[LeftClick]
[LeftClick]
[LeftClick]
detecter le navigateur par defaut c
 >>;date
300 enregistement a : 21:51 le 16 / 12 
date

[LeftClick]
date
300 enregistement a : 21:51 le 16 / 12 
date

ligen de [<B][LeftClick]
[LeftClick]
date
300 enregistement a : 21:52 le 16 / 12 
date
 
date
300 enregistement a : 21:52 le 16 / 12 
date
 300 enregistement a : 21:53 le 16 / 12 
date

[LeftClick]
[LeftClick]
[LeftClick]
[LeftClick]
[LeftClick]
[LeftClick]
[LeftClick]
connaitre
 >>[LeftClick]
date
300 enregistement a : 21:53 le 16 / 12 
date

[LeftClick]
date
300 enregistement a : 21:54 le 16 / 12 
date

[LeftClick]
[U?][CTR]c[STRT]rregedit
 >>date
300 enregistement a : 21:55 le 16 / 12 
date
 300 enregistement a : 21:55 le 16 / 12 
date
 300 enregistement a : 21:56 le 16 / 12 
date

[U?]rogma[<B][<B][<B]ga
 >>
 >>
 >>
 >>
 >>
 >>
 >>
 >>
 >>
 >>
 >>
 >>[U?][CTR][U?][ALT][U?][ALT][f4][LeftClick]
[LeftClick]
[LeftClick]
[LeftClick]
date
300 enregistement a : 21:57 le 16 / 12 
date

[TAB]d[<B]dg[<B][<B]geflecto
 >>[LeftClick]
r
 >>[LeftClick]
[LeftClick]
[LeftClick]
[LeftClick]
[LeftClick]
date
300 enregistement a : 21:57 le 16 / 12 
date

[LeftClick]
[LeftClick]
[LeftClick]
[LeftClick]
[LeftClick]
[LeftClick]
[LeftClick]
bingto[U?] [U?]
 >>[LeftClick]
date
300 enregistement a : 21:58 le 16 / 12 
date

[LeftClick]
[LeftClick]
[LeftClick]
[STRT]test
 >>[U?][ALT][f4][STRT]tesdfd
 >>[LeftClick]
[LeftClick]
[LeftClick]
[STRT]programme a[<B]par defaut regedate
300 enregistement a : 21:58 le 16 / 12 
date

[<B]it
 >>[LeftClick]
[LeftClick]
[LeftClick]
[LeftClick]
re[LeftClick]
date
300 enregistement a : 21:59 le 16 / 12 
date
 
date
300 enregistement a : 22:00 le 16 / 12 
date

[LeftClick]
[LeftClick]
date
300 enregistement a : 22:00 le 16 / 12 
date
 300 enregistement a : 22:01 le 16 / 12 
date

[LeftClick]
date
300 enregistement a : 22:01 le 16 / 12 
date
 300 enregistement a : 22:02 le 16 / 12 
date
 300 enregistement a : 22:03 le 16 / 12 
date
 300 enregistement a : 22:04 le 16 / 12 
date
 300 calc.exe
date

date
 300 enregistement a : 22:04 le 16 / 12 
date
[LeftClick]
[LeftClick]
